0 info it worked if it ends with ok
1 verbose cli [ '/usr/bin/node', '/usr/bin/npm', 'run', 'dev' ]
2 info using npm@3.5.2
3 info using node@v8.10.0
4 verbose run-script [ 'predev', 'dev', 'postdev' ]
5 info lifecycle move-app@1.0.0~predev: move-app@1.0.0
6 silly lifecycle move-app@1.0.0~predev: no script for predev, continuing
7 info lifecycle move-app@1.0.0~dev: move-app@1.0.0
8 verbose lifecycle move-app@1.0.0~dev: unsafe-perm in lifecycle true
9 verbose lifecycle move-app@1.0.0~dev: PATH: /usr/share/npm/bin/node-gyp-bin:/mnt/c/Users/CebuDev5/Projects/move-app/node_modules/.bin:/root/bin:/usr/local/sbin:/usr/local/bin:/usr/sbin:/usr/bin:/sbin:/bin:/usr/games:/usr/local/games:/mnt/c/Python27:/mnt/c/Python27/Scripts:/mnt/c/Windows/System32:/mnt/c/Windows:/mnt/c/Windows/System32/wbem:/mnt/c/Windows/System32/WindowsPowerShell/v1.0:/mnt/c/Program Files/dotnet:/mnt/c/Program Files/Microsoft SQL Server/130/Tools/Binn:/mnt/c/Users/CebuDev5/AppData/Local/Android/Sdk/platform-tools:/mnt/c/ProgramData/chocolatey/bin:/mnt/c/Program Files/Java/jdk1.8.0_191/bin:/mnt/c/Program Files/nodejs:/mnt/c/Windows/System32/OpenSSH:/mnt/c/Users/CebuDev5/AppData/Local/Microsoft/WindowsApps:/mnt/c/Users/CebuDev5/AppData/Local/Programs/Microsoft VS Code/bin:/mnt/c/Users/CebuDev5/AppData/Roaming/npm:/mnt/c/Users/CebuDev5/AppData/Local/Programs/Git/cmd:/snap/bin
10 verbose lifecycle move-app@1.0.0~dev: CWD: /mnt/c/Users/CebuDev5/Projects/move-app
11 silly lifecycle move-app@1.0.0~dev: Args: [ '-c', 'next' ]
12 silly lifecycle move-app@1.0.0~dev: Returned: code: 1  signal: null
13 info lifecycle move-app@1.0.0~dev: Failed to exec dev script
14 verbose stack Error: move-app@1.0.0 dev: `next`
14 verbose stack Exit status 1
14 verbose stack     at EventEmitter.<anonymous> (/usr/share/npm/lib/utils/lifecycle.js:232:16)
14 verbose stack     at emitTwo (events.js:126:13)
14 verbose stack     at EventEmitter.emit (events.js:214:7)
14 verbose stack     at ChildProcess.<anonymous> (/usr/share/npm/lib/utils/spawn.js:24:14)
14 verbose stack     at emitTwo (events.js:126:13)
14 verbose stack     at ChildProcess.emit (events.js:214:7)
14 verbose stack     at maybeClose (internal/child_process.js:925:16)
14 verbose stack     at Process.ChildProcess._handle.onexit (internal/child_process.js:209:5)
15 verbose pkgid move-app@1.0.0
16 verbose cwd /mnt/c/Users/CebuDev5/Projects/move-app
17 error Linux 4.4.0-17134-Microsoft
18 error argv "/usr/bin/node" "/usr/bin/npm" "run" "dev"
19 error node v8.10.0
20 error npm  v3.5.2
21 error code ELIFECYCLE
22 error move-app@1.0.0 dev: `next`
22 error Exit status 1
23 error Failed at the move-app@1.0.0 dev script 'next'.
23 error Make sure you have the latest version of node.js and npm installed.
23 error If you do, this is most likely a problem with the move-app package,
23 error not with npm itself.
23 error Tell the author that this fails on your system:
23 error     next
23 error You can get information on how to open an issue for this project with:
23 error     npm bugs move-app
23 error Or if that isn't available, you can get their info via:
23 error     npm owner ls move-app
23 error There is likely additional logging output above.
24 verbose exit [ 1, true ]
